<?xml version="1.0" encoding="UTF-8"?>
<!-- Generated by org.testng.reporters.JUnitReportReporter -->
<testsuite hostname="DESKTOP-JFNEIHB" failures="0" tests="3" name="TestRunner.CucumberTestRunnerForTags" time="0.004" errors="0" timestamp="2024-10-05T16:12:21 IST" skipped="0">
  <testcase classname="TestRunner.CucumberTestRunnerForTags" name="runScenario" time="0.001"/>
  <testcase classname="TestRunner.CucumberTestRunnerForTags" name="runScenario" time="0.001"/>
  <testcase classname="TestRunner.CucumberTestRunnerForTags" name="runScenario" time="0.002"/>
</testsuite> <!-- TestRunner.CucumberTestRunnerForTags -->
