<?xml version="1.0" encoding="UTF-8"?>
<!-- Generated by org.testng.reporters.JUnitReportReporter -->
<testsuite hostname="DESKTOP-JFNEIHB" failures="0" tests="1" name="TestRunner.CucumberTestRunner" time="12.206" errors="0" timestamp="2024-10-05T16:12:21 IST" skipped="0">
  <testcase classname="TestRunner.CucumberTestRunner" name="runScenario" time="12.206"/>
</testsuite> <!-- TestRunner.CucumberTestRunner -->
