<?xml version="1.0" encoding="UTF-8"?>
<!-- Generated by org.testng.reporters.JUnitReportReporter -->
<testsuite hostname="DESKTOP-JFNEIHB" failures="0" tests="3" name="TestRunner.CucumberTestRunnerForTags" time="0.053" errors="0" timestamp="2024-09-29T00:21:31 IST" skipped="0">
  <testcase classname="TestRunner.CucumberTestRunnerForTags" name="runScenario" time="0.002"/>
  <testcase classname="TestRunner.CucumberTestRunnerForTags" name="runScenario" time="0.049"/>
  <testcase classname="TestRunner.CucumberTestRunnerForTags" name="runScenario" time="0.002"/>
</testsuite> <!-- TestRunner.CucumberTestRunnerForTags -->
