<?xml version="1.0" encoding="UTF-8"?>
<testsuite xmlns:xsi="http://www.w3.org/2001/XMLSchema-instance" xsi:noNamespaceSchemaLocation="https://maven.apache.org/surefire/maven-surefire-plugin/xsd/surefire-test-report-3.0.xsd" version="3.0" name="TestSuite" time="12.736" tests="4" errors="0" skipped="0" failures="0">
  <properties>
    <property name="java.specification.version" value="21"/>
    <property name="sun.cpu.isalist" value="amd64"/>
    <property name="sun.jnu.encoding" value="Cp1252"/>
    <property name="java.class.path" value="E:\eclipse_java\flipkart_project_selenium_tetNG_cucumber\target\test-classes;E:\eclipse_java\flipkart_project_selenium_tetNG_cucumber\target\classes;C:\Users\PC-DELL\.m2\repository\org\testng\testng\7.10.2\testng-7.10.2.jar;C:\Users\PC-DELL\.m2\repository\org\slf4j\slf4j-api\1.7.36\slf4j-api-1.7.36.jar;C:\Users\PC-DELL\.m2\repository\com\beust\jcommander\1.82\jcommander-1.82.jar;C:\Users\PC-DELL\.m2\repository\org\webjars\jquery\3.7.1\jquery-3.7.1.jar;C:\Users\PC-DELL\.m2\repository\org\apache\maven\plugins\maven-compiler-plugin\3.13.0\maven-compiler-plugin-3.13.0.jar;C:\Users\PC-DELL\.m2\repository\org\apache\maven\shared\maven-shared-utils\3.4.2\maven-shared-utils-3.4.2.jar;C:\Users\PC-DELL\.m2\repository\commons-io\commons-io\2.11.0\commons-io-2.11.0.jar;C:\Users\PC-DELL\.m2\repository\org\apache\maven\shared\maven-shared-incremental\1.1\maven-shared-incremental-1.1.jar;C:\Users\PC-DELL\.m2\repository\org\codehaus\plexus\plexus-java\1.2.0\plexus-java-1.2.0.jar;C:\Users\PC-DELL\.m2\repository\org\ow2\asm\asm\9.6\asm-9.6.jar;C:\Users\PC-DELL\.m2\repository\com\thoughtworks\qdox\qdox\2.0.3\qdox-2.0.3.jar;C:\Users\PC-DELL\.m2\repository\org\codehaus\plexus\plexus-compiler-api\2.15.0\plexus-compiler-api-2.15.0.jar;C:\Users\PC-DELL\.m2\repository\org\codehaus\plexus\plexus-compiler-manager\2.15.0\plexus-compiler-manager-2.15.0.jar;C:\Users\PC-DELL\.m2\repository\javax\inject\javax.inject\1\javax.inject-1.jar;C:\Users\PC-DELL\.m2\repository\org\codehaus\plexus\plexus-xml\3.0.0\plexus-xml-3.0.0.jar;C:\Users\PC-DELL\.m2\repository\org\codehaus\plexus\plexus-compiler-javac\2.15.0\plexus-compiler-javac-2.15.0.jar;C:\Users\PC-DELL\.m2\repository\org\codehaus\plexus\plexus-utils\4.0.0\plexus-utils-4.0.0.jar;C:\Users\PC-DELL\.m2\repository\io\cucumber\cucumber-java\7.19.0\cucumber-java-7.19.0.jar;C:\Users\PC-DELL\.m2\repository\io\cucumber\cucumber-core\7.19.0\cucumber-core-7.19.0.jar;C:\Users\PC-DELL\.m2\repository\io\cucumber\cucumber-gherkin\7.19.0\cucumber-gherkin-7.19.0.jar;C:\Users\PC-DELL\.m2\repository\io\cucumber\cucumber-gherkin-messages\7.19.0\cucumber-gherkin-messages-7.19.0.jar;C:\Users\PC-DELL\.m2\repository\io\cucumber\gherkin\28.0.0\gherkin-28.0.0.jar;C:\Users\PC-DELL\.m2\repository\io\cucumber\messages\24.1.0\messages-24.1.0.jar;C:\Users\PC-DELL\.m2\repository\io\cucumber\testng-xml-formatter\0.2.0\testng-xml-formatter-0.2.0.jar;C:\Users\PC-DELL\.m2\repository\io\cucumber\query\12.2.0\query-12.2.0.jar;C:\Users\PC-DELL\.m2\repository\io\cucumber\tag-expressions\6.1.0\tag-expressions-6.1.0.jar;C:\Users\PC-DELL\.m2\repository\io\cucumber\cucumber-expressions\17.1.0\cucumber-expressions-17.1.0.jar;C:\Users\PC-DELL\.m2\repository\io\cucumber\datatable\7.19.0\datatable-7.19.0.jar;C:\Users\PC-DELL\.m2\repository\io\cucumber\cucumber-plugin\7.19.0\cucumber-plugin-7.19.0.jar;C:\Users\PC-DELL\.m2\repository\io\cucumber\docstring\7.19.0\docstring-7.19.0.jar;C:\Users\PC-DELL\.m2\repository\io\cucumber\html-formatter\21.7.0\html-formatter-21.7.0.jar;C:\Users\PC-DELL\.m2\repository\io\cucumber\junit-xml-formatter\0.5.0\junit-xml-formatter-0.5.0.jar;C:\Users\PC-DELL\.m2\repository\io\cucumber\ci-environment\10.0.1\ci-environment-10.0.1.jar;C:\Users\PC-DELL\.m2\repository\org\apiguardian\apiguardian-api\1.1.2\apiguardian-api-1.1.2.jar;C:\Users\PC-DELL\.m2\repository\io\cucumber\cucumber-testng\7.19.0\cucumber-testng-7.19.0.jar;C:\Users\PC-DELL\.m2\repository\org\seleniumhq\selenium\selenium-java\4.25.0\selenium-java-4.25.0.jar;C:\Users\PC-DELL\.m2\repository\org\seleniumhq\selenium\selenium-api\4.25.0\selenium-api-4.25.0.jar;C:\Users\PC-DELL\.m2\repository\org\jspecify\jspecify\1.0.0\jspecify-1.0.0.jar;C:\Users\PC-DELL\.m2\repository\org\seleniumhq\selenium\selenium-chrome-driver\4.25.0\selenium-chrome-driver-4.25.0.jar;C:\Users\PC-DELL\.m2\repository\com\google\auto\service\auto-service-annotations\1.1.1\auto-service-annotations-1.1.1.jar;C:\Users\PC-DELL\.m2\repository\org\seleniumhq\selenium\selenium-chromium-driver\4.25.0\selenium-chromium-driver-4.25.0.jar;C:\Users\PC-DELL\.m2\repository\org\seleniumhq\selenium\selenium-json\4.25.0\selenium-json-4.25.0.jar;C:\Users\PC-DELL\.m2\repository\org\seleniumhq\selenium\selenium-manager\4.25.0\selenium-manager-4.25.0.jar;C:\Users\PC-DELL\.m2\repository\org\seleniumhq\selenium\selenium-devtools-v127\4.25.0\selenium-devtools-v127-4.25.0.jar;C:\Users\PC-DELL\.m2\repository\org\seleniumhq\selenium\selenium-devtools-v128\4.25.0\selenium-devtools-v128-4.25.0.jar;C:\Users\PC-DELL\.m2\repository\org\seleniumhq\selenium\selenium-devtools-v129\4.25.0\selenium-devtools-v129-4.25.0.jar;C:\Users\PC-DELL\.m2\repository\org\seleniumhq\selenium\selenium-devtools-v85\4.25.0\selenium-devtools-v85-4.25.0.jar;C:\Users\PC-DELL\.m2\repository\org\seleniumhq\selenium\selenium-edge-driver\4.25.0\selenium-edge-driver-4.25.0.jar;C:\Users\PC-DELL\.m2\repository\org\seleniumhq\selenium\selenium-firefox-driver\4.25.0\selenium-firefox-driver-4.25.0.jar;C:\Users\PC-DELL\.m2\repository\org\seleniumhq\selenium\selenium-http\4.25.0\selenium-http-4.25.0.jar;C:\Users\PC-DELL\.m2\repository\dev\failsafe\failsafe\3.3.2\failsafe-3.3.2.jar;C:\Users\PC-DELL\.m2\repository\org\seleniumhq\selenium\selenium-ie-driver\4.25.0\selenium-ie-driver-4.25.0.jar;C:\Users\PC-DELL\.m2\repository\org\seleniumhq\selenium\selenium-remote-driver\4.25.0\selenium-remote-driver-4.25.0.jar;C:\Users\PC-DELL\.m2\repository\com\google\guava\guava\33.3.0-jre\guava-33.3.0-jre.jar;C:\Users\PC-DELL\.m2\repository\com\google\guava\failureaccess\1.0.2\failureaccess-1.0.2.jar;C:\Users\PC-DELL\.m2\repository\com\google\guava\listenablefuture\9999.0-empty-to-avoid-conflict-with-guava\listenablefuture-9999.0-empty-to-avoid-conflict-with-guava.jar;C:\Users\PC-DELL\.m2\repository\com\google\code\findbugs\jsr305\3.0.2\jsr305-3.0.2.jar;C:\Users\PC-DELL\.m2\repository\org\checkerframework\checker-qual\3.43.0\checker-qual-3.43.0.jar;C:\Users\PC-DELL\.m2\repository\com\google\errorprone\error_prone_annotations\2.28.0\error_prone_annotations-2.28.0.jar;C:\Users\PC-DELL\.m2\repository\com\google\j2objc\j2objc-annotations\3.0.0\j2objc-annotations-3.0.0.jar;C:\Users\PC-DELL\.m2\repository\io\opentelemetry\semconv\opentelemetry-semconv\1.25.0-alpha\opentelemetry-semconv-1.25.0-alpha.jar;C:\Users\PC-DELL\.m2\repository\io\opentelemetry\opentelemetry-api\1.42.1\opentelemetry-api-1.42.1.jar;C:\Users\PC-DELL\.m2\repository\io\opentelemetry\opentelemetry-context\1.42.1\opentelemetry-context-1.42.1.jar;C:\Users\PC-DELL\.m2\repository\io\opentelemetry\opentelemetry-exporter-logging\1.42.1\opentelemetry-exporter-logging-1.42.1.jar;C:\Users\PC-DELL\.m2\repository\io\opentelemetry\opentelemetry-sdk-common\1.42.1\opentelemetry-sdk-common-1.42.1.jar;C:\Users\PC-DELL\.m2\repository\io\opentelemetry\opentelemetry-sdk-extension-autoconfigure-spi\1.42.1\opentelemetry-sdk-extension-autoconfigure-spi-1.42.1.jar;C:\Users\PC-DELL\.m2\repository\io\opentelemetry\opentelemetry-sdk-extension-autoconfigure\1.42.1\opentelemetry-sdk-extension-autoconfigure-1.42.1.jar;C:\Users\PC-DELL\.m2\repository\io\opentelemetry\opentelemetry-api-incubator\1.42.1-alpha\opentelemetry-api-incubator-1.42.1-alpha.jar;C:\Users\PC-DELL\.m2\repository\io\opentelemetry\opentelemetry-sdk-trace\1.42.1\opentelemetry-sdk-trace-1.42.1.jar;C:\Users\PC-DELL\.m2\repository\io\opentelemetry\opentelemetry-sdk\1.42.1\opentelemetry-sdk-1.42.1.jar;C:\Users\PC-DELL\.m2\repository\io\opentelemetry\opentelemetry-sdk-metrics\1.42.1\opentelemetry-sdk-metrics-1.42.1.jar;C:\Users\PC-DELL\.m2\repository\io\opentelemetry\opentelemetry-sdk-logs\1.42.1\opentelemetry-sdk-logs-1.42.1.jar;C:\Users\PC-DELL\.m2\repository\net\bytebuddy\byte-buddy\1.15.1\byte-buddy-1.15.1.jar;C:\Users\PC-DELL\.m2\repository\org\seleniumhq\selenium\selenium-os\4.25.0\selenium-os-4.25.0.jar;C:\Users\PC-DELL\.m2\repository\org\apache\commons\commons-exec\1.4.0\commons-exec-1.4.0.jar;C:\Users\PC-DELL\.m2\repository\org\seleniumhq\selenium\selenium-safari-driver\4.25.0\selenium-safari-driver-4.25.0.jar;C:\Users\PC-DELL\.m2\repository\org\seleniumhq\selenium\selenium-support\4.25.0\selenium-support-4.25.0.jar;C:\Users\PC-DELL\.m2\repository\junit\junit\4.13.2\junit-4.13.2.jar;C:\Users\PC-DELL\.m2\repository\org\hamcrest\hamcrest-core\1.3\hamcrest-core-1.3.jar;"/>
    <property name="java.vm.vendor" value="Oracle Corporation"/>
    <property name="sun.arch.data.model" value="64"/>
    <property name="user.variant" value=""/>
    <property name="java.vendor.url" value="https://java.oracle.com/"/>
    <property name="user.timezone" value="Asia/Calcutta"/>
    <property name="os.name" value="Windows 11"/>
    <property name="java.vm.specification.version" value="21"/>
    <property name="sun.java.launcher" value="SUN_STANDARD"/>
    <property name="user.country" value="IN"/>
    <property name="sun.boot.library.path" value="C:\Program Files\Java\jdk-21\bin"/>
    <property name="sun.java.command" value="C:\Users\PC-DELL\AppData\Local\Temp\surefire157828251812080410\surefirebooter-20241005161208118_3.jar C:\Users\PC-DELL\AppData\Local\Temp\surefire157828251812080410 2024-10-05T16-12-03_041-jvmRun1 surefire-20241005161208118_1tmp surefire_0-20241005161208118_2tmp"/>
    <property name="jdk.debug" value="release"/>
    <property name="surefire.test.class.path" value="E:\eclipse_java\flipkart_project_selenium_tetNG_cucumber\target\test-classes;E:\eclipse_java\flipkart_project_selenium_tetNG_cucumber\target\classes;C:\Users\PC-DELL\.m2\repository\org\testng\testng\7.10.2\testng-7.10.2.jar;C:\Users\PC-DELL\.m2\repository\org\slf4j\slf4j-api\1.7.36\slf4j-api-1.7.36.jar;C:\Users\PC-DELL\.m2\repository\com\beust\jcommander\1.82\jcommander-1.82.jar;C:\Users\PC-DELL\.m2\repository\org\webjars\jquery\3.7.1\jquery-3.7.1.jar;C:\Users\PC-DELL\.m2\repository\org\apache\maven\plugins\maven-compiler-plugin\3.13.0\maven-compiler-plugin-3.13.0.jar;C:\Users\PC-DELL\.m2\repository\org\apache\maven\shared\maven-shared-utils\3.4.2\maven-shared-utils-3.4.2.jar;C:\Users\PC-DELL\.m2\repository\commons-io\commons-io\2.11.0\commons-io-2.11.0.jar;C:\Users\PC-DELL\.m2\repository\org\apache\maven\shared\maven-shared-incremental\1.1\maven-shared-incremental-1.1.jar;C:\Users\PC-DELL\.m2\repository\org\codehaus\plexus\plexus-java\1.2.0\plexus-java-1.2.0.jar;C:\Users\PC-DELL\.m2\repository\org\ow2\asm\asm\9.6\asm-9.6.jar;C:\Users\PC-DELL\.m2\repository\com\thoughtworks\qdox\qdox\2.0.3\qdox-2.0.3.jar;C:\Users\PC-DELL\.m2\repository\org\codehaus\plexus\plexus-compiler-api\2.15.0\plexus-compiler-api-2.15.0.jar;C:\Users\PC-DELL\.m2\repository\org\codehaus\plexus\plexus-compiler-manager\2.15.0\plexus-compiler-manager-2.15.0.jar;C:\Users\PC-DELL\.m2\repository\javax\inject\javax.inject\1\javax.inject-1.jar;C:\Users\PC-DELL\.m2\repository\org\codehaus\plexus\plexus-xml\3.0.0\plexus-xml-3.0.0.jar;C:\Users\PC-DELL\.m2\repository\org\codehaus\plexus\plexus-compiler-javac\2.15.0\plexus-compiler-javac-2.15.0.jar;C:\Users\PC-DELL\.m2\repository\org\codehaus\plexus\plexus-utils\4.0.0\plexus-utils-4.0.0.jar;C:\Users\PC-DELL\.m2\repository\io\cucumber\cucumber-java\7.19.0\cucumber-java-7.19.0.jar;C:\Users\PC-DELL\.m2\repository\io\cucumber\cucumber-core\7.19.0\cucumber-core-7.19.0.jar;C:\Users\PC-DELL\.m2\repository\io\cucumber\cucumber-gherkin\7.19.0\cucumber-gherkin-7.19.0.jar;C:\Users\PC-DELL\.m2\repository\io\cucumber\cucumber-gherkin-messages\7.19.0\cucumber-gherkin-messages-7.19.0.jar;C:\Users\PC-DELL\.m2\repository\io\cucumber\gherkin\28.0.0\gherkin-28.0.0.jar;C:\Users\PC-DELL\.m2\repository\io\cucumber\messages\24.1.0\messages-24.1.0.jar;C:\Users\PC-DELL\.m2\repository\io\cucumber\testng-xml-formatter\0.2.0\testng-xml-formatter-0.2.0.jar;C:\Users\PC-DELL\.m2\repository\io\cucumber\query\12.2.0\query-12.2.0.jar;C:\Users\PC-DELL\.m2\repository\io\cucumber\tag-expressions\6.1.0\tag-expressions-6.1.0.jar;C:\Users\PC-DELL\.m2\repository\io\cucumber\cucumber-expressions\17.1.0\cucumber-expressions-17.1.0.jar;C:\Users\PC-DELL\.m2\repository\io\cucumber\datatable\7.19.0\datatable-7.19.0.jar;C:\Users\PC-DELL\.m2\repository\io\cucumber\cucumber-plugin\7.19.0\cucumber-plugin-7.19.0.jar;C:\Users\PC-DELL\.m2\repository\io\cucumber\docstring\7.19.0\docstring-7.19.0.jar;C:\Users\PC-DELL\.m2\repository\io\cucumber\html-formatter\21.7.0\html-formatter-21.7.0.jar;C:\Users\PC-DELL\.m2\repository\io\cucumber\junit-xml-formatter\0.5.0\junit-xml-formatter-0.5.0.jar;C:\Users\PC-DELL\.m2\repository\io\cucumber\ci-environment\10.0.1\ci-environment-10.0.1.jar;C:\Users\PC-DELL\.m2\repository\org\apiguardian\apiguardian-api\1.1.2\apiguardian-api-1.1.2.jar;C:\Users\PC-DELL\.m2\repository\io\cucumber\cucumber-testng\7.19.0\cucumber-testng-7.19.0.jar;C:\Users\PC-DELL\.m2\repository\org\seleniumhq\selenium\selenium-java\4.25.0\selenium-java-4.25.0.jar;C:\Users\PC-DELL\.m2\repository\org\seleniumhq\selenium\selenium-api\4.25.0\selenium-api-4.25.0.jar;C:\Users\PC-DELL\.m2\repository\org\jspecify\jspecify\1.0.0\jspecify-1.0.0.jar;C:\Users\PC-DELL\.m2\repository\org\seleniumhq\selenium\selenium-chrome-driver\4.25.0\selenium-chrome-driver-4.25.0.jar;C:\Users\PC-DELL\.m2\repository\com\google\auto\service\auto-service-annotations\1.1.1\auto-service-annotations-1.1.1.jar;C:\Users\PC-DELL\.m2\repository\org\seleniumhq\selenium\selenium-chromium-driver\4.25.0\selenium-chromium-driver-4.25.0.jar;C:\Users\PC-DELL\.m2\repository\org\seleniumhq\selenium\selenium-json\4.25.0\selenium-json-4.25.0.jar;C:\Users\PC-DELL\.m2\repository\org\seleniumhq\selenium\selenium-manager\4.25.0\selenium-manager-4.25.0.jar;C:\Users\PC-DELL\.m2\repository\org\seleniumhq\selenium\selenium-devtools-v127\4.25.0\selenium-devtools-v127-4.25.0.jar;C:\Users\PC-DELL\.m2\repository\org\seleniumhq\selenium\selenium-devtools-v128\4.25.0\selenium-devtools-v128-4.25.0.jar;C:\Users\PC-DELL\.m2\repository\org\seleniumhq\selenium\selenium-devtools-v129\4.25.0\selenium-devtools-v129-4.25.0.jar;C:\Users\PC-DELL\.m2\repository\org\seleniumhq\selenium\selenium-devtools-v85\4.25.0\selenium-devtools-v85-4.25.0.jar;C:\Users\PC-DELL\.m2\repository\org\seleniumhq\selenium\selenium-edge-driver\4.25.0\selenium-edge-driver-4.25.0.jar;C:\Users\PC-DELL\.m2\repository\org\seleniumhq\selenium\selenium-firefox-driver\4.25.0\selenium-firefox-driver-4.25.0.jar;C:\Users\PC-DELL\.m2\repository\org\seleniumhq\selenium\selenium-http\4.25.0\selenium-http-4.25.0.jar;C:\Users\PC-DELL\.m2\repository\dev\failsafe\failsafe\3.3.2\failsafe-3.3.2.jar;C:\Users\PC-DELL\.m2\repository\org\seleniumhq\selenium\selenium-ie-driver\4.25.0\selenium-ie-driver-4.25.0.jar;C:\Users\PC-DELL\.m2\repository\org\seleniumhq\selenium\selenium-remote-driver\4.25.0\selenium-remote-driver-4.25.0.jar;C:\Users\PC-DELL\.m2\repository\com\google\guava\guava\33.3.0-jre\guava-33.3.0-jre.jar;C:\Users\PC-DELL\.m2\repository\com\google\guava\failureaccess\1.0.2\failureaccess-1.0.2.jar;C:\Users\PC-DELL\.m2\repository\com\google\guava\listenablefuture\9999.0-empty-to-avoid-conflict-with-guava\listenablefuture-9999.0-empty-to-avoid-conflict-with-guava.jar;C:\Users\PC-DELL\.m2\repository\com\google\code\findbugs\jsr305\3.0.2\jsr305-3.0.2.jar;C:\Users\PC-DELL\.m2\repository\org\checkerframework\checker-qual\3.43.0\checker-qual-3.43.0.jar;C:\Users\PC-DELL\.m2\repository\com\google\errorprone\error_prone_annotations\2.28.0\error_prone_annotations-2.28.0.jar;C:\Users\PC-DELL\.m2\repository\com\google\j2objc\j2objc-annotations\3.0.0\j2objc-annotations-3.0.0.jar;C:\Users\PC-DELL\.m2\repository\io\opentelemetry\semconv\opentelemetry-semconv\1.25.0-alpha\opentelemetry-semconv-1.25.0-alpha.jar;C:\Users\PC-DELL\.m2\repository\io\opentelemetry\opentelemetry-api\1.42.1\opentelemetry-api-1.42.1.jar;C:\Users\PC-DELL\.m2\repository\io\opentelemetry\opentelemetry-context\1.42.1\opentelemetry-context-1.42.1.jar;C:\Users\PC-DELL\.m2\repository\io\opentelemetry\opentelemetry-exporter-logging\1.42.1\opentelemetry-exporter-logging-1.42.1.jar;C:\Users\PC-DELL\.m2\repository\io\opentelemetry\opentelemetry-sdk-common\1.42.1\opentelemetry-sdk-common-1.42.1.jar;C:\Users\PC-DELL\.m2\repository\io\opentelemetry\opentelemetry-sdk-extension-autoconfigure-spi\1.42.1\opentelemetry-sdk-extension-autoconfigure-spi-1.42.1.jar;C:\Users\PC-DELL\.m2\repository\io\opentelemetry\opentelemetry-sdk-extension-autoconfigure\1.42.1\opentelemetry-sdk-extension-autoconfigure-1.42.1.jar;C:\Users\PC-DELL\.m2\repository\io\opentelemetry\opentelemetry-api-incubator\1.42.1-alpha\opentelemetry-api-incubator-1.42.1-alpha.jar;C:\Users\PC-DELL\.m2\repository\io\opentelemetry\opentelemetry-sdk-trace\1.42.1\opentelemetry-sdk-trace-1.42.1.jar;C:\Users\PC-DELL\.m2\repository\io\opentelemetry\opentelemetry-sdk\1.42.1\opentelemetry-sdk-1.42.1.jar;C:\Users\PC-DELL\.m2\repository\io\opentelemetry\opentelemetry-sdk-metrics\1.42.1\opentelemetry-sdk-metrics-1.42.1.jar;C:\Users\PC-DELL\.m2\repository\io\opentelemetry\opentelemetry-sdk-logs\1.42.1\opentelemetry-sdk-logs-1.42.1.jar;C:\Users\PC-DELL\.m2\repository\net\bytebuddy\byte-buddy\1.15.1\byte-buddy-1.15.1.jar;C:\Users\PC-DELL\.m2\repository\org\seleniumhq\selenium\selenium-os\4.25.0\selenium-os-4.25.0.jar;C:\Users\PC-DELL\.m2\repository\org\apache\commons\commons-exec\1.4.0\commons-exec-1.4.0.jar;C:\Users\PC-DELL\.m2\repository\org\seleniumhq\selenium\selenium-safari-driver\4.25.0\selenium-safari-driver-4.25.0.jar;C:\Users\PC-DELL\.m2\repository\org\seleniumhq\selenium\selenium-support\4.25.0\selenium-support-4.25.0.jar;C:\Users\PC-DELL\.m2\repository\junit\junit\4.13.2\junit-4.13.2.jar;C:\Users\PC-DELL\.m2\repository\org\hamcrest\hamcrest-core\1.3\hamcrest-core-1.3.jar;"/>
    <property name="sun.cpu.endian" value="little"/>
    <property name="user.home" value="C:\Users\PC-DELL"/>
    <property name="user.language" value="en"/>
    <property name="java.specification.vendor" value="Oracle Corporation"/>
    <property name="java.version.date" value="2024-01-16"/>
    <property name="java.home" value="C:\Program Files\Java\jdk-21"/>
    <property name="file.separator" value="\"/>
    <property name="basedir" value="E:\eclipse_java\flipkart_project_selenium_tetNG_cucumber"/>
    <property name="style.color" value="always"/>
    <property name="java.vm.compressedOopsMode" value="Zero based"/>
    <property name="line.separator" value="&#10;"/>
    <property name="java.vm.specification.vendor" value="Oracle Corporation"/>
    <property name="java.specification.name" value="Java Platform API Specification"/>
    <property name="surefire.real.class.path" value="C:\Users\PC-DELL\AppData\Local\Temp\surefire157828251812080410\surefirebooter-20241005161208118_3.jar"/>
    <property name="user.script" value=""/>
    <property name="sun.management.compiler" value="HotSpot 64-Bit Tiered Compilers"/>
    <property name="java.runtime.version" value="21.0.2+13-LTS-58"/>
    <property name="user.name" value="PC-DELL"/>
    <property name="stdout.encoding" value="Cp1252"/>
    <property name="path.separator" value=";"/>
    <property name="os.version" value="10.0"/>
    <property name="java.runtime.name" value="Java(TM) SE Runtime Environment"/>
    <property name="file.encoding" value="UTF-8"/>
    <property name="java.vm.name" value="Java HotSpot(TM) 64-Bit Server VM"/>
    <property name="localRepository" value="C:\Users\PC-DELL\.m2\repository"/>
    <property name="java.vendor.url.bug" value="https://bugreport.java.com/bugreport/"/>
    <property name="java.io.tmpdir" value="C:\Users\PC-DELL\AppData\Local\Temp\"/>
    <property name="java.version" value="21.0.2"/>
    <property name="user.dir" value="E:\eclipse_java\flipkart_project_selenium_tetNG_cucumber"/>
    <property name="os.arch" value="amd64"/>
    <property name="java.vm.specification.name" value="Java Virtual Machine Specification"/>
    <property name="sun.os.patch.level" value=""/>
    <property name="native.encoding" value="Cp1252"/>
    <property name="java.library.path" value="C:\Program Files\Java\jdk-21\bin;C:\WINDOWS\Sun\Java\bin;C:\WINDOWS\system32;C:\WINDOWS;C:/Program Files/Java/jdk-22/bin/server;C:/Program Files/Java/jdk-22/bin;C:\Program Files\Java\jdk-22\bin;C:\Program Files\Python312\Scripts\;C:\Program Files\Python312\;C:\Program Files\Common Files\Oracle\Java\javapath;C:\WINDOWS\system32;C:\WINDOWS;C:\WINDOWS\System32\Wbem;C:\WINDOWS\System32\WindowsPowerShell\v1.0\;C:\WINDOWS\System32\OpenSSH\;C:\Program Files\dotnet\;C:\Program Files\NVIDIA Corporation\NVIDIA NvDLISR;C:\Program Files (x86)\NVIDIA Corporation\PhysX\Common;C:\Program Files\Java\jdk-21\bin;C:\Program Files\Microsoft SQL Server\150\Tools\Binn\;C:\Program Files\Microsoft SQL Server\Client SDK\ODBC\170\Tools\Binn\;C:\Program Files\Git\cmd;C:\Program Files\Git\bin;E:\Apache-maven\apache-maven-3.9.8-bin\apache-maven-3.9.8\bin;C:\Program Files\nodejs\;C:\Program Files\Java\jdk-22\bin;%ANDRIOD_HOME%\bin;E:\AndroidSDKtools\build-tools;E:\AndroidSDKtools\platform-tools;E:\android\cmdline-tools\latest\bin;C:\Program Files\PowerShell\7\;C:\Users\PC-DELL\AppData\Local\Microsoft\WindowsApps;C:\Users\PC-DELL\AppData\Local\Programs\Microsoft VS Code\bin;C:\Program Files\JetBrains\PyCharm Community Edition 2024.1.1\bin;;C:\Program Files\CMake\bin;C:\Users\PC-DELL\AppData\Roaming\npm;C:\Users\PC-DELL\.dotnet\tools;C:\Users\PC-DELL\Desktop;;."/>
    <property name="java.vm.info" value="mixed mode, sharing"/>
    <property name="stderr.encoding" value="Cp1252"/>
    <property name="java.vendor" value="Oracle Corporation"/>
    <property name="java.vm.version" value="21.0.2+13-LTS-58"/>
    <property name="sun.io.unicode.encoding" value="UnicodeLittle"/>
    <property name="java.class.version" value="65.0"/>
  </properties>
  <testcase name="runScenario[&quot;Check login is successful with valid creds&quot;, &quot;Login page Automation of saucedemo App&quot;](1)" classname="TestRunner.CucumberTestRunner" time="12.207">
    <system-out><![CDATA[
Scenario Outline: Check login is successful with valid creds &amp#27;[90m# src/test/resources/Featuress/loginss.feature:13&amp#27;[0m
  &amp#27;[32mGiven &amp#27;[0m&amp#27;[32mUser is on login page&amp#27;[0m                                &amp#27;[90m# StepDefinitionss.PageFactoryLoginStepsDefinition2.user_is_on_login_page()&amp#27;[0m
  &amp#27;[32mWhen &amp#27;[0m&amp#27;[32mUser enters valid &amp#27;[0m&amp#27;[32m&amp#27;[1m"standard_user"&amp#27;[0m&amp#27;[32m and &amp#27;[0m&amp#27;[32m&amp#27;[1m"secret_sauce"&amp#27;[0m  &amp#27;[90m# StepDefinitionss.PageFactoryLoginStepsDefinition2.user_enters_valid_and(java.lang.String,java.lang.String)&amp#27;[0m
  &amp#27;[32mAnd &amp#27;[0m&amp#27;[32mClicks on Login Button&amp#27;[0m                                 &amp#27;[90m# StepDefinitionss.PageFactoryLoginStepsDefinition2.clicks_on_login_button()&amp#27;[0m
  &amp#27;[32mThen &amp#27;[0m&amp#27;[32mUser is navigated to Home Page&amp#27;[0m                        &amp#27;[90m# StepDefinitionss.PageFactoryLoginStepsDefinition2.user_is_navigated_to_home_page()&amp#27;[0m
  &amp#27;[32mAnd &amp#27;[0m&amp#27;[32mClose the browser&amp#27;[0m                                      &amp#27;[90m# StepDefinitionss.PageFactoryLoginStepsDefinition2.close_the_browser()&amp#27;[0m
]]></system-out>
    <system-err><![CDATA[SLF4J: Failed to load class "org.slf4j.impl.StaticLoggerBinder".
SLF4J: Defaulting to no-operation (NOP) logger implementation
SLF4J: See http://www.slf4j.org/codes.html#StaticLoggerBinder for further details.
]]></system-err>
  </testcase>
  <testcase name="runScenario[&quot;Scenario 1 from test1 feature&quot;, &quot;Title of test1 feature&quot;](1)" classname="TestRunner.CucumberTestRunnerForTags" time="0.001">
    <system-out><![CDATA[
@smoke
Scenario: Scenario 1 from test1 feature &amp#27;[90m# src/test/resources/FeatureWithTags/test1.feature:3&amp#27;[0m
]]></system-out>
  </testcase>
  <testcase name="runScenario[&quot;Scenario 2 from test2 feature&quot;, &quot;Title of test2 feature&quot;](2)" classname="TestRunner.CucumberTestRunnerForTags" time="0.002">
    <system-out><![CDATA[
@smoke
Scenario: Scenario 2 from test2 feature &amp#27;[90m# src/test/resources/FeatureWithTags/test2.feature:7&amp#27;[0m
]]></system-out>
  </testcase>
  <testcase name="runScenario[&quot;Scenario 3 from test3 feature&quot;, &quot;Title of test3 feature&quot;](3)" classname="TestRunner.CucumberTestRunnerForTags" time="0.002">
    <system-out><![CDATA[
@smoke
Scenario: Scenario 3 from test3 feature &amp#27;[90m# src/test/resources/FeatureWithTags/test3.feature:11&amp#27;[0m
]]></system-out>
  </testcase>
</testsuite>